<?xml version="1.0" encoding="UTF-8"?>
<!-- Generated by org.testng.reporters.JUnitReportReporter -->
<testsuite skipped="0" hostname="DESKTOP-CE63HLM" name="setUp.Test1" tests="1" failures="0" timestamp="2021-10-26T18:58:20 IST" time="0.033" errors="0">
  <testcase name="run" time="0.033" classname="setUp.Test1"/>
  <system-out/>
</testsuite> <!-- setUp.Test1 -->
