<?xml version="1.0" encoding="UTF-8"?>
<!-- Generated by org.testng.reporters.JUnitReportReporter -->
<testsuite skipped="0" hostname="DESKTOP-CE63HLM" name="stripeDemo.CreateCustomerAPI" tests="1" failures="0" timestamp="2021-10-27T12:25:30 IST" time="6.097" errors="0">
  <testcase name="GetCustomer" time="6.097" classname="stripeDemo.CreateCustomerAPI"/>
  <system-out/>
</testsuite> <!-- stripeDemo.CreateCustomerAPI -->
