<?xml version="1.0" encoding="UTF-8"?>
<!-- Generated by org.testng.reporters.JUnitReportReporter -->
<testsuite skipped="0" hostname="DESKTOP-CE63HLM" name="testRunner.TestCustomerAPI" tests="4" failures="0" timestamp="2021-10-28T13:36:06 IST" time="8.750" errors="0">
  <testcase name="VerifyObjectValue" time="1.637" classname="testRunner.TestCustomerAPI"/>
  <system-out/>
  <testcase name="VerifyObjectValue" time="1.664" classname="testRunner.TestCustomerAPI"/>
  <system-out/>
  <testcase name="VerifyObjectValue" time="1.243" classname="testRunner.TestCustomerAPI"/>
  <system-out/>
  <testcase name="VerifyObjectValue" time="4.206" classname="testRunner.TestCustomerAPI"/>
  <system-out/>
</testsuite> <!-- testRunner.TestCustomerAPI -->
